<?xml version="1.0" encoding="UTF-8"?>
<!-- Generated by org.testng.reporters.JUnitXMLReporter -->
<testsuite ignored="10" hostname="Aadhya" failures="2" tests="2" name="Smoke Tests" time="0.086" errors="0" timestamp="2026-09-03T16:07:41 EDT">
  <testcase classname="seleniumDemo.LoginTest" name="accountsCustomers" time="0.029">
    <failure type="java.lang.NullPointerException" message="Cannot invoke &amp;quot;org.openqa.selenium.SearchContext.findElement(org.openqa.selenium.By)&amp;quot; because &amp;quot;this.searchContext&amp;quot; is null">
      <![CDATA[java.lang.NullPointerException: Cannot invoke "org.openqa.selenium.SearchContext.findElement(org.openqa.selenium.By)" because "this.searchContext" is null
at org.openqa.selenium.support.pagefactory.DefaultElementLocator.findElement(DefaultElementLocator.java:69)
at org.openqa.selenium.support.pagefactory.internal.LocatingElementHandler.invoke(LocatingElementHandler.java:38)
at jdk.proxy2/jdk.proxy2.$Proxy11.sendKeys(Unknown Source)
at Pages.LoginPage.adminLogin(LoginPage.java:78)
at seleniumDemo.LoginTest.accountsCustomers(LoginTest.java:78)
at java.base/java.util.ArrayList.forEach(ArrayList.java:1596)
... Removed 25 stack frames]]>
    </failure>
  </testcase> <!-- accountsCustomers -->
  <testcase classname="seleniumDemo.LoginTest" name="credentialsF" time="0.004">
    <failure type="java.lang.NullPointerException" message="Cannot invoke &amp;quot;org.openqa.selenium.SearchContext.findElement(org.openqa.selenium.By)&amp;quot; because &amp;quot;this.searchContext&amp;quot; is null">
      <![CDATA[java.lang.NullPointerException: Cannot invoke "org.openqa.selenium.SearchContext.findElement(org.openqa.selenium.By)" because "this.searchContext" is null
at org.openqa.selenium.support.pagefactory.DefaultElementLocator.findElement(DefaultElementLocator.java:69)
at org.openqa.selenium.support.pagefactory.internal.LocatingElementHandler.invoke(LocatingElementHandler.java:38)
at jdk.proxy2/jdk.proxy2.$Proxy11.sendKeys(Unknown Source)
at Pages.LoginPage.failedLogin(LoginPage.java:96)
at seleniumDemo.LoginTest.credentialsF(LoginTest.java:56)
at java.base/java.util.ArrayList.forEach(ArrayList.java:1596)
... Removed 25 stack frames]]>
    </failure>
  </testcase> <!-- credentialsF -->
  <testcase classname="seleniumDemo.LoginTest" name="transactionsLedger" time="0.0">
    <ignored/>
  </testcase> <!-- transactionsLedger -->
  <testcase classname="seleniumDemo.LoginTest" name="overViewStats" time="0.0">
    <ignored/>
  </testcase> <!-- overViewStats -->
  <testcase classname="seleniumDemo.LoginTest" name="adminLogin" time="0.0">
    <ignored/>
  </testcase> <!-- adminLogin -->
  <testcase classname="seleniumDemo.LoginTest" name="overViewSection" time="0.0">
    <ignored/>
  </testcase> <!-- overViewSection -->
  <testcase classname="seleniumDemo.LoginTest" name="logOut" time="0.0">
    <ignored/>
  </testcase> <!-- logOut -->
  <testcase classname="seleniumDemo.LoginTest" name="usingExcell" time="0.0">
    <ignored/>
  </testcase> <!-- usingExcell -->
  <testcase classname="seleniumDemo.LoginTest" name="decline" time="0.0">
    <ignored/>
  </testcase> <!-- decline -->
  <testcase classname="seleniumDemo.LoginTest" name="customerLoginS" time="0.0">
    <ignored/>
  </testcase> <!-- customerLoginS -->
  <testcase classname="seleniumDemo.LoginTest" name="creditSection" time="0.0">
    <ignored/>
  </testcase> <!-- creditSection -->
  <testcase classname="seleniumDemo.LoginTest" name="approveLoan" time="0.0">
    <ignored/>
  </testcase> <!-- approveLoan -->
</testsuite> <!-- Smoke Tests -->
