<?xml version="1.0" encoding="UTF-8"?>
<testng-results ignored="11" total="12" passed="1" failed="0" skipped="0">
  <reporter-output>
  </reporter-output>
  <suite started-at="2026-09-03T13:24:04 EDT" name="Default suite" finished-at="2026-09-03T13:24:08 EDT" duration-ms="3830">
    <groups>
    </groups>
    <test started-at="2026-09-03T13:24:04 EDT" name="Default test" finished-at="2026-09-03T13:24:08 EDT" duration-ms="3830">
      <class name="seleniumDemo.LoginTest">
        <test-method is-config="true" signature="browserSetUp()[pri:0, instance:seleniumDemo.LoginTest@327514f]" started-at="2026-09-03T13:24:04 EDT" name="browserSetUp" finished-at="2026-09-03T13:24:07 EDT" duration-ms="3010" status="PASS">
          <reporter-output>
          </reporter-output>
        </test-method> <!-- browserSetUp -->
        <test-method signature="logOut()[pri:0, instance:seleniumDemo.LoginTest@327514f]" started-at="2026-09-03T13:24:07 EDT" name="logOut" finished-at="2026-09-03T13:24:08 EDT" duration-ms="457" status="PASS">
          <reporter-output>
          </reporter-output>
        </test-method> <!-- logOut -->
        <test-method is-config="true" signature="tearDown()[pri:0, instance:seleniumDemo.LoginTest@327514f]" started-at="2026-09-03T13:24:08 EDT" name="tearDown" finished-at="2026-09-03T13:24:08 EDT" duration-ms="304" status="PASS">
          <reporter-output>
          </reporter-output>
        </test-method> <!-- tearDown -->
      </class> <!-- seleniumDemo.LoginTest -->
    </test> <!-- Default test -->
  </suite> <!-- Default suite -->
</testng-results>
