<?xml version="1.0" encoding="UTF-8"?>
<testng-results ignored="11" total="12" passed="1" failed="0" skipped="0">
  <reporter-output>
  </reporter-output>
  <suite started-at="2026-09-02T13:23:24 EDT" name="Default suite" finished-at="2026-09-02T13:23:28 EDT" duration-ms="3595">
    <groups>
    </groups>
    <test started-at="2026-09-02T13:23:24 EDT" name="Default test" finished-at="2026-09-02T13:23:28 EDT" duration-ms="3595">
      <class name="seleniumDemo.LoginTest">
        <test-method is-config="true" signature="browserSetUp()[pri:0, instance:seleniumDemo.LoginTest@327514f]" started-at="2026-09-02T13:23:25 EDT" name="browserSetUp" finished-at="2026-09-02T13:23:27 EDT" duration-ms="2457" status="PASS">
          <reporter-output>
          </reporter-output>
        </test-method> <!-- browserSetUp -->
        <test-method signature="adminLogin(java.lang.String,java.lang.String)[pri:0, instance:seleniumDemo.LoginTest@327514f]" started-at="2026-09-02T13:23:27 EDT" name="adminLogin" data-provider="loginData" finished-at="2026-09-02T13:23:28 EDT" duration-ms="402" status="PASS">
          <params>
            <param index="0">
              <value>
                <![CDATA[admin@sahyogbank.in]]>
              </value>
            </param>
            <param index="1">
              <value>
                <![CDATA[admin123]]>
              </value>
            </param>
          </params>
          <reporter-output>
          </reporter-output>
        </test-method> <!-- adminLogin -->
        <test-method is-config="true" signature="tearDown()[pri:0, instance:seleniumDemo.LoginTest@327514f]" started-at="2026-09-02T13:23:28 EDT" name="tearDown" finished-at="2026-09-02T13:23:28 EDT" duration-ms="0" status="PASS">
          <reporter-output>
          </reporter-output>
        </test-method> <!-- tearDown -->
      </class> <!-- seleniumDemo.LoginTest -->
    </test> <!-- Default test -->
  </suite> <!-- Default suite -->
</testng-results>
