<?xml version="1.0" encoding="UTF-8"?>
<!-- Generated by org.testng.reporters.JUnitXMLReporter -->
<testsuite ignored="11" hostname="Aadhya" failures="0" tests="1" name="Default test" time="3.83" errors="0" timestamp="2026-09-03T13:24:08 EDT">
  <testcase classname="seleniumDemo.LoginTest" name="logOut" time="0.457"/>
  <testcase classname="seleniumDemo.LoginTest" name="overViewStats" time="0.0">
    <ignored/>
  </testcase> <!-- overViewStats -->
  <testcase classname="seleniumDemo.LoginTest" name="transactionsLedger" time="0.0">
    <ignored/>
  </testcase> <!-- transactionsLedger -->
  <testcase classname="seleniumDemo.LoginTest" name="approveLoan" time="0.0">
    <ignored/>
  </testcase> <!-- approveLoan -->
  <testcase classname="seleniumDemo.LoginTest" name="credentialsF" time="0.0">
    <ignored/>
  </testcase> <!-- credentialsF -->
  <testcase classname="seleniumDemo.LoginTest" name="decline" time="0.0">
    <ignored/>
  </testcase> <!-- decline -->
  <testcase classname="seleniumDemo.LoginTest" name="adminLogin" time="0.0">
    <ignored/>
  </testcase> <!-- adminLogin -->
  <testcase classname="seleniumDemo.LoginTest" name="creditSection" time="0.0">
    <ignored/>
  </testcase> <!-- creditSection -->
  <testcase classname="seleniumDemo.LoginTest" name="customerLoginS" time="0.0">
    <ignored/>
  </testcase> <!-- customerLoginS -->
  <testcase classname="seleniumDemo.LoginTest" name="usingExcell" time="0.0">
    <ignored/>
  </testcase> <!-- usingExcell -->
  <testcase classname="seleniumDemo.LoginTest" name="overViewSection" time="0.0">
    <ignored/>
  </testcase> <!-- overViewSection -->
  <testcase classname="seleniumDemo.LoginTest" name="accountsCustomers" time="0.0">
    <ignored/>
  </testcase> <!-- accountsCustomers -->
</testsuite> <!-- Default test -->
